<?xml version="1.0" encoding="UTF-8"?>
<testng-results ignored="0" total="1" passed="1" failed="0" skipped="0">
  <reporter-output>
  </reporter-output>
  <suite started-at="2024-02-25T17:00:52 IST" name="Default suite" finished-at="2024-02-25T17:00:55 IST" duration-ms="3007">
    <groups>
      <group name="cucumber">
        <method signature="AbstractTestNGCucumberTests.runScenario(io.cucumber.testng.PickleWrapper,io.cucumber.testng.FeatureWrapper)[pri:0, instance:runner.LoginwithDataRunner@436813f3]" name="runScenario" class="io.cucumber.testng.AbstractTestNGCucumberTests"/>
      </group> <!-- cucumber -->
    </groups>
    <test started-at="2024-02-25T17:00:52 IST" name="Default test" finished-at="2024-02-25T17:00:55 IST" duration-ms="3007">
      <class name="runner.LoginwithDataRunner">
        <test-method is-config="true" signature="setUpClass(org.testng.ITestContext)[pri:0, instance:runner.LoginwithDataRunner@436813f3]" started-at="2024-02-25T17:00:52 IST" name="setUpClass" finished-at="2024-02-25T17:00:53 IST" duration-ms="513" status="PASS">
          <params>
            <param index="0">
              <value>
                <![CDATA[org.testng.TestRunner@40ab8a8]]>
              </value>
            </param>
          </params>
          <reporter-output>
          </reporter-output>
        </test-method> <!-- setUpClass -->
        <test-method signature="runScenario(io.cucumber.testng.PickleWrapper,io.cucumber.testng.FeatureWrapper)[pri:0, instance:runner.LoginwithDataRunner@436813f3]" started-at="2024-02-25T17:00:53 IST" name="runScenario" description="Runs Cucumber Scenarios" data-provider="scenarios" finished-at="2024-02-25T17:00:53 IST" duration-ms="99" status="PASS">
          <params>
            <param index="0">
              <value>
                <![CDATA["Login with correct credential"]]>
              </value>
            </param>
            <param index="1">
              <value>
                <![CDATA["Login to app with data"]]>
              </value>
            </param>
          </params>
          <reporter-output>
          </reporter-output>
        </test-method> <!-- runScenario -->
        <test-method is-config="true" signature="tearDownClass()[pri:0, instance:runner.LoginwithDataRunner@436813f3]" started-at="2024-02-25T17:00:53 IST" name="tearDownClass" finished-at="2024-02-25T17:00:55 IST" duration-ms="2345" status="PASS">
          <reporter-output>
          </reporter-output>
        </test-method> <!-- tearDownClass -->
      </class> <!-- runner.LoginwithDataRunner -->
    </test> <!-- Default test -->
  </suite> <!-- Default suite -->
</testng-results>
